Build started 03/03/2016 15:55:41.
     1>Project "C:\Users\pcasamiquela\Desktop\SourceTree\Mecanica\FreeFormDef - Initial\FreeFormDef\FreeFormDef.vcxproj" on node 2 (Build target(s)).
     1>ClCompile:
         C:\Program Files (x86)\Microsoft Visual Studio 14.0\VC\bin\CL.exe /c /I"C:\Users\pcasamiquela\Desktop\SourceTree\Mecanica\FreeFormDef - Initial\\..\deps\include" /Zi /nologo /W3 /WX- /sdl /O2 /Oi /Oy- /GL /D _MBCS /Gm- /EHsc /MD /GS /Gy /fp:precise /Zc:wchar_t /Zc:forScope /Zc:inline /Fo"Release\\" /Fd"Release\vc140.pdb" /Gd /TP /analyze- /errorReport:prompt Mesh.cpp MainMeshTest.cpp
         Mesh.cpp
     1>Mesh.cpp(94): warning C4018: '<': signed/unsigned mismatch
     1>Mesh.cpp(97): warning C4018: '<': signed/unsigned mismatch
     1>Mesh.cpp(100): warning C4018: '<': signed/unsigned mismatch
     1>Mesh.cpp(103): warning C4018: '<': signed/unsigned mismatch
         MainMeshTest.cpp
     1>MainMeshTest.cpp(35): warning C4018: '<': signed/unsigned mismatch
     1>MainMeshTest.cpp(39): warning C4018: '<': signed/unsigned mismatch
     1>MainMeshTest.cpp(58): warning C4018: '<': signed/unsigned mismatch
     1>MainMeshTest.cpp(72): warning C4244: 'initializing': conversion from 'double' to 'float', possible loss of data
     1>MainMeshTest.cpp(73): warning C4018: '<': signed/unsigned mismatch
     1>MainMeshTest.cpp(85): warning C4018: '<': signed/unsigned mismatch
     1>MainMeshTest.cpp(112): warning C4244: '=': conversion from 'int' to 'float', possible loss of data
     1>MainMeshTest.cpp(113): warning C4244: '=': conversion from 'int' to 'float', possible loss of data
     1>MainMeshTest.cpp(114): warning C4244: '=': conversion from 'int' to 'float', possible loss of data
       Link:
         C:\Program Files (x86)\Microsoft Visual Studio 14.0\VC\bin\link.exe /ERRORREPORT:PROMPT /OUT:"C:\Users\pcasamiquela\Desktop\SourceTree\Mecanica\FreeFormDef - Initial\Release\FreeFormDef.exe" /NOLOGO kernel32.lib user32.lib gdi32.lib winspool.lib comdlg32.lib advapi32.lib shell32.lib ole32.lib oleaut32.lib uuid.lib odbc32.lib odbccp32.lib /MANIFEST /MANIFESTUAC:"level='asInvoker' uiAccess='false'" /manifest:embed /DEBUG /PDB:"C:\Users\pcasamiquela\Desktop\SourceTree\Mecanica\FreeFormDef - Initial\Release\FreeFormDef.pdb" /OPT:REF /OPT:ICF /LTCG:incremental /TLBID:1 /DYNAMICBASE /NXCOMPAT /IMPLIB:"C:\Users\pcasamiquela\Desktop\SourceTree\Mecanica\FreeFormDef - Initial\Release\FreeFormDef.lib" /MACHINE:X86 /SAFESEH Release\Mesh.obj
         Release\MainMeshTest.obj
         Generating code
         All 548 functions were compiled because no usable IPDB/IOBJ from previous compilation was found.
         Finished generating code
         FreeFormDef.vcxproj -> C:\Users\pcasamiquela\Desktop\SourceTree\Mecanica\FreeFormDef - Initial\Release\FreeFormDef.exe
     1>Done Building Project "C:\Users\pcasamiquela\Desktop\SourceTree\Mecanica\FreeFormDef - Initial\FreeFormDef\FreeFormDef.vcxproj" (Build target(s)).

Build succeeded.

Time Elapsed 00:00:02.38
